[debug] [2019-01-07T13:13:17.889Z] ----------------------------------------------------------------------
[debug] [2019-01-07T13:13:17.897Z] Command:       /usr/bin/node /usr/local/bin/firebase deploy
[debug] [2019-01-07T13:13:17.897Z] CLI Version:   4.2.1
[debug] [2019-01-07T13:13:17.897Z] Platform:      linux
[debug] [2019-01-07T13:13:17.897Z] Node Version:  v8.10.0
[debug] [2019-01-07T13:13:17.898Z] Time:          Mon Jan 07 2019 10:13:17 GMT-0300 (-03)
[debug] [2019-01-07T13:13:17.898Z] ----------------------------------------------------------------------
[debug] 
[debug] [2019-01-07T13:13:17.914Z] > command requires scopes: ["email","openid","https://www.googleapis.com/auth/cloudplatformprojects.readonly","https://www.googleapis.com/auth/firebase","https://www.googleapis.com/auth/cloud-platform"]
[debug] [2019-01-07T13:13:17.915Z] > authorizing via signed-in user
[debug] [2019-01-07T13:13:17.917Z] > refreshing access token with scopes: ["email","https://www.googleapis.com/auth/cloud-platform","https://www.googleapis.com/auth/cloudplatformprojects.readonly","https://www.googleapis.com/auth/firebase","openid"]
[debug] [2019-01-07T13:13:17.917Z] >>> HTTP REQUEST POST https://www.googleapis.com/oauth2/v3/token  

[debug] [2019-01-07T13:13:18.576Z] <<< HTTP RESPONSE 200
[debug] [2019-01-07T13:13:18.866Z] >>> HTTP REQUEST GET https://admin.firebase.com/v1/projects/simulador-cache  
 
[debug] [2019-01-07T13:13:20.267Z] <<< HTTP RESPONSE 200
[info] 
[info] === Deploying to 'simulador-cache'...
[info] 
[info] i  deploying hosting
[debug] [2019-01-07T13:13:20.280Z] >>> HTTP REQUEST POST https://firebasehosting.googleapis.com/v1beta1/sites/simulador-cache/versions  

[debug] [2019-01-07T13:13:22.261Z] <<< HTTP RESPONSE 200
[info] i  hosting[simulador-cache]: beginning deploy...
[info] i  hosting[simulador-cache]: found 22 files in public
[debug] [2019-01-07T13:13:22.283Z] [hosting] hash cache [cHVibGlj] stored for 22 files
[debug] [2019-01-07T13:13:22.283Z] [hosting][hash queue][FINAL]
[debug] [2019-01-07T13:13:22.283Z] >>> HTTP REQUEST POST https://firebasehosting.googleapis.com/v1beta1/sites/simulador-cache/versions/25f0784b3b53bd9b:populateFiles  
 <request body omitted>
[debug] [2019-01-07T13:13:23.919Z] <<< HTTP RESPONSE 200
[debug] [2019-01-07T13:13:23.927Z] [hosting][populate queue][FINAL]
[debug] [2019-01-07T13:13:23.927Z] [hosting] uploads queued: 3
[debug] [2019-01-07T13:13:25.746Z] [hosting][upload queue][FINAL]
[info] ✔  hosting[simulador-cache]: file upload complete
[debug] [2019-01-07T13:13:25.749Z] [hosting] deploy completed after 3486ms
